[debug] [2024-12-04T18:12:35.217Z] ----------------------------------------------------------------------
[debug] [2024-12-04T18:12:35.220Z] Command:       C:\Program Files\nodejs\node.exe C:\Users\SStra\AppData\Roaming\npm\node_modules\firebase-tools\lib\bin\firebase.js emulators:start
[debug] [2024-12-04T18:12:35.220Z] CLI Version:   13.27.0
[debug] [2024-12-04T18:12:35.220Z] Platform:      win32
[debug] [2024-12-04T18:12:35.220Z] Node Version:  v22.11.0
[debug] [2024-12-04T18:12:35.220Z] Time:          Wed Dec 04 2024 19:12:35 GMT+0100 (Central European Standard Time)
[debug] [2024-12-04T18:12:35.220Z] ----------------------------------------------------------------------
[debug] 
[debug] [2024-12-04T18:12:35.306Z] > command requires scopes: ["email","openid","https://www.googleapis.com/auth/cloudplatformprojects.readonly","https://www.googleapis.com/auth/firebase","https://www.googleapis.com/auth/cloud-platform"]
[debug] [2024-12-04T18:12:35.307Z] > authorizing via signed-in user (spstreet09@gmail.com)
[info] i  emulators: Starting emulators: hosting {"metadata":{"emulator":{"name":"hub"},"message":"Starting emulators: hosting"}}
[debug] [2024-12-04T18:12:35.314Z] [logging] Logging Emulator only supports listening on one address (127.0.0.1). Not listening on ::1
[debug] [2024-12-04T18:12:35.314Z] [hosting] Hosting Emulator only supports listening on one address (127.0.0.1). Not listening on ::1
[debug] [2024-12-04T18:12:35.314Z] assigned listening specs for emulators {"user":{"hub":[{"address":"127.0.0.1","family":"IPv4","port":4400},{"address":"::1","family":"IPv6","port":4400}],"logging":[{"address":"127.0.0.1","family":"IPv4","port":4500}],"hosting":[{"address":"127.0.0.1","family":"IPv4","port":5000}]},"metadata":{"message":"assigned listening specs for emulators"}}
[debug] [2024-12-04T18:12:35.318Z] [hub] writing locator at C:\Users\SStra\AppData\Local\Temp\hub-ventory-cdd86.json
[debug] [2024-12-04T18:12:35.328Z] Checked if tokens are valid: true, expires at: 1733339283499
[debug] [2024-12-04T18:12:35.329Z] Checked if tokens are valid: true, expires at: 1733339283499
[debug] [2024-12-04T18:12:35.329Z] >>> [apiv2][query] GET https://firebasehosting.googleapis.com/v1beta1/projects/ventory-cdd86/sites 
[debug] [2024-12-04T18:12:36.302Z] <<< [apiv2][status] GET https://firebasehosting.googleapis.com/v1beta1/projects/ventory-cdd86/sites 200
[debug] [2024-12-04T18:12:36.302Z] <<< [apiv2][body] GET https://firebasehosting.googleapis.com/v1beta1/projects/ventory-cdd86/sites {"sites":[{"name":"projects/ventory-cdd86/sites/ventory-cdd86","defaultUrl":"https://ventory-cdd86.web.app","appId":"1:742630000257:web:3d4c22bc469c788d11af80","type":"DEFAULT_SITE"}]}
[debug] [2024-12-04T18:12:36.302Z] Checked if tokens are valid: true, expires at: 1733339283499
[debug] [2024-12-04T18:12:36.302Z] Checked if tokens are valid: true, expires at: 1733339283499
[debug] [2024-12-04T18:12:36.302Z] >>> [apiv2][query] GET https://firebase.googleapis.com/v1beta1/projects/ventory-cdd86/webApps/1:742630000257:web:3d4c22bc469c788d11af80/config [none]
[debug] [2024-12-04T18:12:36.956Z] <<< [apiv2][status] GET https://firebase.googleapis.com/v1beta1/projects/ventory-cdd86/webApps/1:742630000257:web:3d4c22bc469c788d11af80/config 200
[debug] [2024-12-04T18:12:36.956Z] <<< [apiv2][body] GET https://firebase.googleapis.com/v1beta1/projects/ventory-cdd86/webApps/1:742630000257:web:3d4c22bc469c788d11af80/config {"projectId":"ventory-cdd86","appId":"1:742630000257:web:3d4c22bc469c788d11af80","storageBucket":"ventory-cdd86.firebasestorage.app","apiKey":"AIzaSyCsspfjcyip5PAOC-nuG2eZ_QybWt6khns","authDomain":"ventory-cdd86.firebaseapp.com","messagingSenderId":"742630000257","measurementId":"G-0PFE24RJCB"}
[debug] [2024-12-04T18:12:36.960Z] Checked if tokens are valid: true, expires at: 1733339283499
[debug] [2024-12-04T18:12:36.961Z] Checked if tokens are valid: true, expires at: 1733339283499
[debug] [2024-12-04T18:12:36.961Z] >>> [apiv2][query] GET https://firebase.googleapis.com/v1beta1/projects/ventory-cdd86 [none]
[debug] [2024-12-04T18:12:37.193Z] <<< [apiv2][status] GET https://firebase.googleapis.com/v1beta1/projects/ventory-cdd86 200
[debug] [2024-12-04T18:12:37.193Z] <<< [apiv2][body] GET https://firebase.googleapis.com/v1beta1/projects/ventory-cdd86 {"projectId":"ventory-cdd86","projectNumber":"742630000257","displayName":"Ventory","name":"projects/ventory-cdd86","resources":{"hostingSite":"ventory-cdd86"},"state":"ACTIVE","etag":"1_c6a6b33a-b1ba-4d9d-bc67-54309671b13f"}
[info] i  hosting[ventory-cdd86]: Serving hosting files from: dist {"metadata":{"emulator":{"name":"hosting"},"message":"Serving hosting files from: \u001b[1mdist\u001b[22m"}}
[info] +  hosting[ventory-cdd86]: Local server: http://127.0.0.1:5000 {"metadata":{"emulator":{"name":"hosting"},"message":"Local server: \u001b[4m\u001b[1mhttp://127.0.0.1:5000\u001b[22m\u001b[24m"}}
[warn] !  emulators: The Emulator UI is not starting, either because none of the running emulators have a UI component or the Emulator UI cannot determine the Project ID. Pass the --project flag to specify a project. {"metadata":{"emulator":{"name":"hub"},"message":"The Emulator UI is not starting, either because none of the running emulators have a UI component or the Emulator UI cannot determine the Project ID. Pass the --project flag to specify a project."}}
[debug] [2024-12-04T18:12:37.208Z] Could not find VSCode notification endpoint: FetchError: request to http://localhost:40001/vscode/notify failed, reason: . If you are not running the Firebase Data Connect VSCode extension, this is expected and not an issue.
[info] 
┌─────────────────────────────────────────────────────────────┐
│ ✔  All emulators ready! It is now safe to connect your app. │
└─────────────────────────────────────────────────────────────┘

┌──────────┬────────────────┐
│ Emulator │ Host:Port      │
├──────────┼────────────────┤
│ Hosting  │ 127.0.0.1:5000 │
└──────────┴────────────────┘
  Emulator Hub running at 127.0.0.1:4400
  Other reserved ports: 4500

Issues? Report them at https://github.com/firebase/firebase-tools/issues and attach the *-debug.log files.
 
